2021-08-05 17:24:29.605  INFO 9948 --- [restartedMain] c.d.s.boot.demo.aug2021.Application      : Starting Application using Java 11.0.2 on DESKTOP-KFP7J4E with PID 9948 (C:\Users\Vaman\Documents\STS_WS\com.db.spring.boot.demo.aug2021\target\classes started by Vaman in C:\Users\Vaman\Documents\STS_WS\com.db.spring.boot.demo.aug2021)
2021-08-05 17:24:29.607  INFO 9948 --- [restartedMain] c.d.s.boot.demo.aug2021.Application      : No active profile set, falling back to default profiles: default
2021-08-05 17:24:30.390  INFO 9948 --- [restartedMain] o.s.b.w.embedded.tomcat.TomcatWebServer  : Tomcat initialized with port(s): 8082 (http)
2021-08-05 17:24:30.408  INFO 9948 --- [restartedMain] o.apache.catalina.core.StandardService   : Starting service [Tomcat]
2021-08-05 17:24:30.413  INFO 9948 --- [restartedMain] org.apache.catalina.core.StandardEngine  : Starting Servlet engine: [Apache Tomcat/9.0.50]
2021-08-05 17:24:30.414  INFO 9948 --- [restartedMain] o.a.catalina.core.AprLifecycleListener   : An older version [1.2.24] of the Apache Tomcat Native library is installed, while Tomcat recommends a minimum version of [1.2.30]
2021-08-05 17:24:30.415  INFO 9948 --- [restartedMain] o.a.catalina.core.AprLifecycleListener   : Loaded Apache Tomcat Native library [1.2.24] using APR version [1.7.0].
2021-08-05 17:24:30.416  INFO 9948 --- [restartedMain] o.a.catalina.core.AprLifecycleListener   : APR capabilities: IPv6 [true], sendfile [true], accept filters [false], random [true], UDS [false].
2021-08-05 17:24:30.417  INFO 9948 --- [restartedMain] o.a.catalina.core.AprLifecycleListener   : APR/OpenSSL configuration: useAprConnector [false], useOpenSSL [true]
2021-08-05 17:24:30.424  INFO 9948 --- [restartedMain] o.a.catalina.core.AprLifecycleListener   : OpenSSL successfully initialized [OpenSSL 1.1.1g  21 Apr 2020]
2021-08-05 17:24:30.487  INFO 9948 --- [restartedMain] o.a.c.c.C.[Tomcat].[localhost].[/]       : Initializing Spring embedded WebApplicationContext
2021-08-05 17:24:30.488  INFO 9948 --- [restartedMain] w.s.c.ServletWebServerApplicationContext : Root WebApplicationContext: initialization completed in 871 ms
2021-08-05 17:24:31.079  INFO 9948 --- [restartedMain] o.s.b.d.a.OptionalLiveReloadServer       : LiveReload server is running on port 35729
2021-08-05 17:24:31.190  INFO 9948 --- [restartedMain] o.s.b.w.embedded.tomcat.TomcatWebServer  : Tomcat started on port(s): 8082 (http) with context path ''
2021-08-05 17:24:31.198  INFO 9948 --- [restartedMain] c.d.s.boot.demo.aug2021.Application      : Started Application in 1.79 seconds (JVM running for 962.446)
2021-08-05 17:24:31.208  INFO 9948 --- [restartedMain] .ConditionEvaluationDeltaLoggingListener : Condition evaluation unchanged
2021-08-05 17:24:58.194  INFO 9948 --- [http-nio-8082-exec-1] o.a.c.c.C.[Tomcat].[localhost].[/]       : Initializing Spring DispatcherServlet 'dispatcherServlet'
2021-08-05 17:24:58.204  INFO 9948 --- [http-nio-8082-exec-1] o.s.web.servlet.DispatcherServlet        : Initializing Servlet 'dispatcherServlet'
2021-08-05 17:24:58.205  INFO 9948 --- [http-nio-8082-exec-1] o.s.web.servlet.DispatcherServlet        : Completed initialization in 1 ms
2021-08-05 17:24:58.209  INFO 9948 --- [http-nio-8082-exec-1] c.d.s.b.d.a.c.EmployeeController         : emp invoked.
2021-08-05 17:24:59.023  INFO 9948 --- [http-nio-8082-exec-2] c.d.s.b.d.a.c.EmployeeController         : emp invoked.
2021-08-05 17:24:59.667  INFO 9948 --- [http-nio-8082-exec-3] c.d.s.b.d.a.c.EmployeeController         : emp invoked.
2021-08-05 17:27:34.045  INFO 9948 --- [restartedMain] c.d.s.boot.demo.aug2021.Application      : Start
2021-08-05 17:27:34.358  INFO 9948 --- [restartedMain] c.d.s.boot.demo.aug2021.Application      : Starting Application using Java 11.0.2 on DESKTOP-KFP7J4E with PID 9948 (C:\Users\Vaman\Documents\STS_WS\com.db.spring.boot.demo.aug2021\target\classes started by Vaman in C:\Users\Vaman\Documents\STS_WS\com.db.spring.boot.demo.aug2021)
2021-08-05 17:27:34.360  INFO 9948 --- [restartedMain] c.d.s.boot.demo.aug2021.Application      : No active profile set, falling back to default profiles: default
2021-08-05 17:27:36.034  INFO 9948 --- [restartedMain] o.s.b.w.embedded.tomcat.TomcatWebServer  : Tomcat initialized with port(s): 8082 (http)
2021-08-05 17:27:36.038  INFO 9948 --- [restartedMain] o.apache.catalina.core.StandardService   : Starting service [Tomcat]
2021-08-05 17:27:36.039  INFO 9948 --- [restartedMain] org.apache.catalina.core.StandardEngine  : Starting Servlet engine: [Apache Tomcat/9.0.50]
2021-08-05 17:27:36.043  INFO 9948 --- [restartedMain] o.a.catalina.core.AprLifecycleListener   : An older version [1.2.24] of the Apache Tomcat Native library is installed, while Tomcat recommends a minimum version of [1.2.30]
2021-08-05 17:27:36.044  INFO 9948 --- [restartedMain] o.a.catalina.core.AprLifecycleListener   : Loaded Apache Tomcat Native library [1.2.24] using APR version [1.7.0].
2021-08-05 17:27:36.045  INFO 9948 --- [restartedMain] o.a.catalina.core.AprLifecycleListener   : APR capabilities: IPv6 [true], sendfile [true], accept filters [false], random [true], UDS [false].
2021-08-05 17:27:36.047  INFO 9948 --- [restartedMain] o.a.catalina.core.AprLifecycleListener   : APR/OpenSSL configuration: useAprConnector [false], useOpenSSL [true]
2021-08-05 17:27:36.048  INFO 9948 --- [restartedMain] o.a.catalina.core.AprLifecycleListener   : OpenSSL successfully initialized [OpenSSL 1.1.1g  21 Apr 2020]
2021-08-05 17:27:36.213  INFO 9948 --- [restartedMain] o.a.c.c.C.[Tomcat].[localhost].[/]       : Initializing Spring embedded WebApplicationContext
2021-08-05 17:27:36.214  INFO 9948 --- [restartedMain] w.s.c.ServletWebServerApplicationContext : Root WebApplicationContext: initialization completed in 1814 ms
2021-08-05 17:27:36.785  INFO 9948 --- [restartedMain] o.s.b.d.a.OptionalLiveReloadServer       : LiveReload server is running on port 35729
2021-08-05 17:27:36.856  INFO 9948 --- [restartedMain] o.s.b.w.embedded.tomcat.TomcatWebServer  : Tomcat started on port(s): 8082 (http) with context path ''
2021-08-05 17:27:36.867  INFO 9948 --- [restartedMain] c.d.s.boot.demo.aug2021.Application      : Started Application in 2.791 seconds (JVM running for 1148.115)
2021-08-05 17:27:36.882  INFO 9948 --- [restartedMain] .ConditionEvaluationDeltaLoggingListener : Condition evaluation unchanged
2021-08-05 17:30:06.376  INFO 9948 --- [restartedMain] c.d.s.boot.demo.aug2021.Application      : Start
2021-08-05 17:30:06.844  INFO 9948 --- [restartedMain] c.d.s.boot.demo.aug2021.Application      : Starting Application using Java 11.0.2 on DESKTOP-KFP7J4E with PID 9948 (C:\Users\Vaman\Documents\STS_WS\com.db.spring.boot.demo.aug2021\target\classes started by Vaman in C:\Users\Vaman\Documents\STS_WS\com.db.spring.boot.demo.aug2021)
2021-08-05 17:30:06.846  INFO 9948 --- [restartedMain] c.d.s.boot.demo.aug2021.Application      : No active profile set, falling back to default profiles: default
2021-08-05 17:30:08.315  INFO 9948 --- [restartedMain] o.s.b.w.embedded.tomcat.TomcatWebServer  : Tomcat initialized with port(s): 8082 (http)
2021-08-05 17:30:08.317  INFO 9948 --- [restartedMain] o.apache.catalina.core.StandardService   : Starting service [Tomcat]
2021-08-05 17:30:08.324  INFO 9948 --- [restartedMain] org.apache.catalina.core.StandardEngine  : Starting Servlet engine: [Apache Tomcat/9.0.50]
2021-08-05 17:30:08.325  INFO 9948 --- [restartedMain] o.a.catalina.core.AprLifecycleListener   : An older version [1.2.24] of the Apache Tomcat Native library is installed, while Tomcat recommends a minimum version of [1.2.30]
2021-08-05 17:30:08.326  INFO 9948 --- [restartedMain] o.a.catalina.core.AprLifecycleListener   : Loaded Apache Tomcat Native library [1.2.24] using APR version [1.7.0].
2021-08-05 17:30:08.326  INFO 9948 --- [restartedMain] o.a.catalina.core.AprLifecycleListener   : APR capabilities: IPv6 [true], sendfile [true], accept filters [false], random [true], UDS [false].
2021-08-05 17:30:08.327  INFO 9948 --- [restartedMain] o.a.catalina.core.AprLifecycleListener   : APR/OpenSSL configuration: useAprConnector [false], useOpenSSL [true]
2021-08-05 17:30:08.332  INFO 9948 --- [restartedMain] o.a.catalina.core.AprLifecycleListener   : OpenSSL successfully initialized [OpenSSL 1.1.1g  21 Apr 2020]
2021-08-05 17:30:08.400  INFO 9948 --- [restartedMain] o.a.c.c.C.[Tomcat].[localhost].[/]       : Initializing Spring embedded WebApplicationContext
2021-08-05 17:30:08.401  INFO 9948 --- [restartedMain] w.s.c.ServletWebServerApplicationContext : Root WebApplicationContext: initialization completed in 1515 ms
2021-08-05 17:30:08.814  INFO 9948 --- [restartedMain] o.s.b.d.a.OptionalLiveReloadServer       : LiveReload server is running on port 35729
2021-08-05 17:30:08.850  INFO 9948 --- [restartedMain] o.s.b.w.embedded.tomcat.TomcatWebServer  : Tomcat started on port(s): 8082 (http) with context path ''
2021-08-05 17:30:08.865  INFO 9948 --- [restartedMain] c.d.s.boot.demo.aug2021.Application      : Started Application in 2.456 seconds (JVM running for 1300.113)
2021-08-05 17:30:08.878  INFO 9948 --- [restartedMain] .ConditionEvaluationDeltaLoggingListener : Condition evaluation unchanged
2021-08-05 17:32:04.330  INFO 9948 --- [http-nio-8082-exec-1] o.a.c.c.C.[Tomcat].[localhost].[/]       : Initializing Spring DispatcherServlet 'dispatcherServlet'
2021-08-05 17:32:04.343  INFO 9948 --- [http-nio-8082-exec-1] o.s.web.servlet.DispatcherServlet        : Initializing Servlet 'dispatcherServlet'
2021-08-05 17:32:04.345  INFO 9948 --- [http-nio-8082-exec-1] o.s.web.servlet.DispatcherServlet        : Completed initialization in 1 ms
2021-08-05 17:32:04.347  INFO 9948 --- [http-nio-8082-exec-1] c.d.s.b.d.a.c.EmployeeController         : emp invoked.
2021-08-05 17:32:43.562  INFO 9948 --- [http-nio-8082-exec-7] c.d.s.b.d.a.c.EmployeeController         : emp invoked.
2021-08-05 17:32:46.006  INFO 9948 --- [http-nio-8082-exec-8] c.d.s.b.d.a.c.EmployeeController         : emp invoked.
2021-08-05 17:33:38.767  INFO 9948 --- [http-nio-8082-exec-1] c.d.s.b.d.a.c.EmployeeController         : emp invoked.
2021-08-05 17:34:32.521  INFO 9948 --- [http-nio-8082-exec-3] c.d.s.b.d.a.c.EmployeeController         : emp invoked.
2021-08-05 17:35:56.415  INFO 9948 --- [restartedMain] c.d.s.boot.demo.aug2021.Application      : Start
2021-08-05 17:35:56.718  INFO 9948 --- [restartedMain] c.d.s.boot.demo.aug2021.Application      : Starting Application using Java 11.0.2 on DESKTOP-KFP7J4E with PID 9948 (C:\Users\Vaman\Documents\STS_WS\com.db.spring.boot.demo.aug2021\target\classes started by Vaman in C:\Users\Vaman\Documents\STS_WS\com.db.spring.boot.demo.aug2021)
2021-08-05 17:35:56.719  INFO 9948 --- [restartedMain] c.d.s.boot.demo.aug2021.Application      : No active profile set, falling back to default profiles: default
2021-08-05 17:35:58.138  INFO 9948 --- [restartedMain] o.s.b.w.embedded.tomcat.TomcatWebServer  : Tomcat initialized with port(s): 8082 (http)
2021-08-05 17:35:58.140  INFO 9948 --- [restartedMain] o.apache.catalina.core.StandardService   : Starting service [Tomcat]
2021-08-05 17:35:58.145  INFO 9948 --- [restartedMain] org.apache.catalina.core.StandardEngine  : Starting Servlet engine: [Apache Tomcat/9.0.50]
2021-08-05 17:35:58.145  INFO 9948 --- [restartedMain] o.a.catalina.core.AprLifecycleListener   : An older version [1.2.24] of the Apache Tomcat Native library is installed, while Tomcat recommends a minimum version of [1.2.30]
2021-08-05 17:35:58.146  INFO 9948 --- [restartedMain] o.a.catalina.core.AprLifecycleListener   : Loaded Apache Tomcat Native library [1.2.24] using APR version [1.7.0].
2021-08-05 17:35:58.146  INFO 9948 --- [restartedMain] o.a.catalina.core.AprLifecycleListener   : APR capabilities: IPv6 [true], sendfile [true], accept filters [false], random [true], UDS [false].
2021-08-05 17:35:58.147  INFO 9948 --- [restartedMain] o.a.catalina.core.AprLifecycleListener   : APR/OpenSSL configuration: useAprConnector [false], useOpenSSL [true]
2021-08-05 17:35:58.148  INFO 9948 --- [restartedMain] o.a.catalina.core.AprLifecycleListener   : OpenSSL successfully initialized [OpenSSL 1.1.1g  21 Apr 2020]
2021-08-05 17:35:58.238  INFO 9948 --- [restartedMain] o.a.c.c.C.[Tomcat].[localhost].[/]       : Initializing Spring embedded WebApplicationContext
2021-08-05 17:35:58.240  INFO 9948 --- [restartedMain] w.s.c.ServletWebServerApplicationContext : Root WebApplicationContext: initialization completed in 1421 ms
2021-08-05 17:35:58.498  INFO 9948 --- [restartedMain] o.s.b.d.a.OptionalLiveReloadServer       : LiveReload server is running on port 35729
2021-08-05 17:35:58.536  INFO 9948 --- [restartedMain] o.s.b.w.embedded.tomcat.TomcatWebServer  : Tomcat started on port(s): 8082 (http) with context path ''
2021-08-05 17:35:58.542  INFO 9948 --- [restartedMain] c.d.s.boot.demo.aug2021.Application      : Started Application in 2.107 seconds (JVM running for 1649.791)
2021-08-05 17:35:58.544  INFO 9948 --- [restartedMain] .ConditionEvaluationDeltaLoggingListener : Condition evaluation unchanged
2021-08-05 17:41:32.835  INFO 9948 --- [restartedMain] c.d.s.boot.demo.aug2021.Application      : Start
2021-08-05 17:41:33.227  INFO 9948 --- [restartedMain] c.d.s.boot.demo.aug2021.Application      : Starting Application using Java 11.0.2 on DESKTOP-KFP7J4E with PID 9948 (C:\Users\Vaman\Documents\STS_WS\com.db.spring.boot.demo.aug2021\target\classes started by Vaman in C:\Users\Vaman\Documents\STS_WS\com.db.spring.boot.demo.aug2021)
2021-08-05 17:41:33.228  INFO 9948 --- [restartedMain] c.d.s.boot.demo.aug2021.Application      : No active profile set, falling back to default profiles: default
2021-08-05 17:41:34.768  INFO 9948 --- [restartedMain] o.s.b.w.embedded.tomcat.TomcatWebServer  : Tomcat initialized with port(s): 8082 (http)
2021-08-05 17:41:34.774  INFO 9948 --- [restartedMain] o.apache.catalina.core.StandardService   : Starting service [Tomcat]
2021-08-05 17:41:34.774  INFO 9948 --- [restartedMain] org.apache.catalina.core.StandardEngine  : Starting Servlet engine: [Apache Tomcat/9.0.50]
2021-08-05 17:41:34.775  INFO 9948 --- [restartedMain] o.a.catalina.core.AprLifecycleListener   : An older version [1.2.24] of the Apache Tomcat Native library is installed, while Tomcat recommends a minimum version of [1.2.30]
2021-08-05 17:41:34.775  INFO 9948 --- [restartedMain] o.a.catalina.core.AprLifecycleListener   : Loaded Apache Tomcat Native library [1.2.24] using APR version [1.7.0].
2021-08-05 17:41:34.776  INFO 9948 --- [restartedMain] o.a.catalina.core.AprLifecycleListener   : APR capabilities: IPv6 [true], sendfile [true], accept filters [false], random [true], UDS [false].
2021-08-05 17:41:34.777  INFO 9948 --- [restartedMain] o.a.catalina.core.AprLifecycleListener   : APR/OpenSSL configuration: useAprConnector [false], useOpenSSL [true]
2021-08-05 17:41:34.780  INFO 9948 --- [restartedMain] o.a.catalina.core.AprLifecycleListener   : OpenSSL successfully initialized [OpenSSL 1.1.1g  21 Apr 2020]
2021-08-05 17:41:34.843  INFO 9948 --- [restartedMain] o.a.c.c.C.[Tomcat].[localhost].[/]       : Initializing Spring embedded WebApplicationContext
2021-08-05 17:41:34.845  INFO 9948 --- [restartedMain] w.s.c.ServletWebServerApplicationContext : Root WebApplicationContext: initialization completed in 1498 ms
2021-08-05 17:41:35.123  INFO 9948 --- [restartedMain] o.s.b.d.a.OptionalLiveReloadServer       : LiveReload server is running on port 35729
2021-08-05 17:41:35.159  INFO 9948 --- [restartedMain] o.s.b.w.embedded.tomcat.TomcatWebServer  : Tomcat started on port(s): 8082 (http) with context path ''
2021-08-05 17:41:35.169  INFO 9948 --- [restartedMain] c.d.s.boot.demo.aug2021.Application      : Started Application in 2.301 seconds (JVM running for 1986.417)
2021-08-05 17:41:35.173  INFO 9948 --- [restartedMain] .ConditionEvaluationDeltaLoggingListener : Condition evaluation unchanged
2021-08-05 17:42:06.339  INFO 9948 --- [restartedMain] c.d.s.boot.demo.aug2021.Application      : Start
2021-08-05 17:42:06.547  INFO 9948 --- [restartedMain] c.d.s.boot.demo.aug2021.Application      : Starting Application using Java 11.0.2 on DESKTOP-KFP7J4E with PID 9948 (C:\Users\Vaman\Documents\STS_WS\com.db.spring.boot.demo.aug2021\target\classes started by Vaman in C:\Users\Vaman\Documents\STS_WS\com.db.spring.boot.demo.aug2021)
2021-08-05 17:42:06.882  INFO 9948 --- [restartedMain] c.d.s.boot.demo.aug2021.Application      : No active profile set, falling back to default profiles: default
2021-08-05 17:42:07.973  INFO 9948 --- [restartedMain] o.s.b.w.embedded.tomcat.TomcatWebServer  : Tomcat initialized with port(s): 8082 (http)
2021-08-05 17:42:07.975  INFO 9948 --- [restartedMain] o.apache.catalina.core.StandardService   : Starting service [Tomcat]
2021-08-05 17:42:07.976  INFO 9948 --- [restartedMain] org.apache.catalina.core.StandardEngine  : Starting Servlet engine: [Apache Tomcat/9.0.50]
2021-08-05 17:42:07.977  INFO 9948 --- [restartedMain] o.a.catalina.core.AprLifecycleListener   : An older version [1.2.24] of the Apache Tomcat Native library is installed, while Tomcat recommends a minimum version of [1.2.30]
2021-08-05 17:42:07.978  INFO 9948 --- [restartedMain] o.a.catalina.core.AprLifecycleListener   : Loaded Apache Tomcat Native library [1.2.24] using APR version [1.7.0].
2021-08-05 17:42:07.978  INFO 9948 --- [restartedMain] o.a.catalina.core.AprLifecycleListener   : APR capabilities: IPv6 [true], sendfile [true], accept filters [false], random [true], UDS [false].
2021-08-05 17:42:07.981  INFO 9948 --- [restartedMain] o.a.catalina.core.AprLifecycleListener   : APR/OpenSSL configuration: useAprConnector [false], useOpenSSL [true]
2021-08-05 17:42:07.982  INFO 9948 --- [restartedMain] o.a.catalina.core.AprLifecycleListener   : OpenSSL successfully initialized [OpenSSL 1.1.1g  21 Apr 2020]
2021-08-05 17:42:08.022  INFO 9948 --- [restartedMain] o.a.c.c.C.[Tomcat].[localhost].[/]       : Initializing Spring embedded WebApplicationContext
2021-08-05 17:42:08.022  INFO 9948 --- [restartedMain] w.s.c.ServletWebServerApplicationContext : Root WebApplicationContext: initialization completed in 1126 ms
2021-08-05 17:42:08.467  INFO 9948 --- [restartedMain] o.s.b.d.a.OptionalLiveReloadServer       : LiveReload server is running on port 35729
2021-08-05 17:42:08.524  INFO 9948 --- [restartedMain] o.s.b.w.embedded.tomcat.TomcatWebServer  : Tomcat started on port(s): 8082 (http) with context path ''
2021-08-05 17:42:08.542  INFO 9948 --- [restartedMain] c.d.s.boot.demo.aug2021.Application      : Started Application in 2.183 seconds (JVM running for 2019.79)
2021-08-05 17:42:08.562  INFO 9948 --- [restartedMain] .ConditionEvaluationDeltaLoggingListener : Condition evaluation unchanged
2021-08-05 17:45:52.255  INFO 9948 --- [restartedMain] c.d.s.boot.demo.aug2021.Application      : Start
2021-08-05 17:45:52.415  INFO 9948 --- [restartedMain] c.d.s.boot.demo.aug2021.Application      : Starting Application using Java 11.0.2 on DESKTOP-KFP7J4E with PID 9948 (C:\Users\Vaman\Documents\STS_WS\com.db.spring.boot.demo.aug2021\target\classes started by Vaman in C:\Users\Vaman\Documents\STS_WS\com.db.spring.boot.demo.aug2021)
2021-08-05 17:45:52.416  INFO 9948 --- [restartedMain] c.d.s.boot.demo.aug2021.Application      : No active profile set, falling back to default profiles: default
2021-08-05 17:45:54.839  INFO 9948 --- [restartedMain] o.s.b.w.embedded.tomcat.TomcatWebServer  : Tomcat initialized with port(s): 8082 (http)
2021-08-05 17:45:54.847  INFO 9948 --- [restartedMain] o.apache.catalina.core.StandardService   : Starting service [Tomcat]
2021-08-05 17:45:54.848  INFO 9948 --- [restartedMain] org.apache.catalina.core.StandardEngine  : Starting Servlet engine: [Apache Tomcat/9.0.50]
2021-08-05 17:45:54.856  INFO 9948 --- [restartedMain] o.a.catalina.core.AprLifecycleListener   : An older version [1.2.24] of the Apache Tomcat Native library is installed, while Tomcat recommends a minimum version of [1.2.30]
2021-08-05 17:45:54.858  INFO 9948 --- [restartedMain] o.a.catalina.core.AprLifecycleListener   : Loaded Apache Tomcat Native library [1.2.24] using APR version [1.7.0].
2021-08-05 17:45:54.860  INFO 9948 --- [restartedMain] o.a.catalina.core.AprLifecycleListener   : APR capabilities: IPv6 [true], sendfile [true], accept filters [false], random [true], UDS [false].
2021-08-05 17:45:54.861  INFO 9948 --- [restartedMain] o.a.catalina.core.AprLifecycleListener   : APR/OpenSSL configuration: useAprConnector [false], useOpenSSL [true]
2021-08-05 17:45:54.862  INFO 9948 --- [restartedMain] o.a.catalina.core.AprLifecycleListener   : OpenSSL successfully initialized [OpenSSL 1.1.1g  21 Apr 2020]
2021-08-05 17:45:54.947  INFO 9948 --- [restartedMain] o.a.c.c.C.[Tomcat].[localhost].[/]       : Initializing Spring embedded WebApplicationContext
2021-08-05 17:45:54.950  INFO 9948 --- [restartedMain] w.s.c.ServletWebServerApplicationContext : Root WebApplicationContext: initialization completed in 2501 ms
2021-08-05 17:45:55.385  INFO 9948 --- [restartedMain] o.s.b.d.a.OptionalLiveReloadServer       : LiveReload server is running on port 35729
2021-08-05 17:45:55.419  INFO 9948 --- [restartedMain] o.s.b.w.embedded.tomcat.TomcatWebServer  : Tomcat started on port(s): 8082 (http) with context path ''
2021-08-05 17:45:55.438  INFO 9948 --- [restartedMain] c.d.s.boot.demo.aug2021.Application      : Started Application in 3.156 seconds (JVM running for 2246.686)
2021-08-05 17:45:55.443  INFO 9948 --- [restartedMain] .ConditionEvaluationDeltaLoggingListener : Condition evaluation unchanged
